<?xml version="1.0" encoding="UTF-8"?>
<testsuite xmlns:xsi="http://www.w3.org/2001/XMLSchema-instance" xsi:noNamespaceSchemaLocation="https://maven.apache.org/surefire/maven-surefire-plugin/xsd/surefire-test-report.xsd" name="g55315.humbug.model.ButterflyTest" time="0.004" tests="7" errors="0" skipped="0" failures="0">
  <properties>
[...]
</properties>
  <testcase name="testMove_next_notinside_2" classname="g55315.humbug.model.ButterflyTest" time="0"/>
  <testcase name="testMove_Over_null" classname="g55315.humbug.model.ButterflyTest" time="0.001"/>
  <testcase name="testMove_wall_same" classname="g55315.humbug.model.ButterflyTest" time="0"/>
  <testcase name="testMove" classname="g55315.humbug.model.ButterflyTest" time="0"/>
  <testcase name="testMove_next_onstar" classname="g55315.humbug.model.ButterflyTest" time="0"/>
  <testcase name="testMove_wall" classname="g55315.humbug.model.ButterflyTest" time="0"/>
  <testcase name="testMove_next_notfree" classname="g55315.humbug.model.ButterflyTest" time="0.001"/>
</testsuite>